Start testing: Jan 24 11:42 MST
----------------------------------------------------------
1/2 Testing: GLMTest
1/2 Test: GLMTest
Command: "/home/jonaz/Documents/prog/orbit/tests/test_glm"
Directory: /home/jonaz/Documents/prog/orbit/tests
"GLMTest" start time: Jan 24 11:42 MST
Output:
----------------------------------------------------------
Running 7 test cases...

[1;32;49m*** No errors detected
[0;39;49m
<end of output>
Test time =   0.00 sec
----------------------------------------------------------
Test Passed.
"GLMTest" end time: Jan 24 11:42 MST
"GLMTest" time elapsed: 00:00:00
----------------------------------------------------------

2/2 Testing: InputTest
2/2 Test: InputTest
Command: "/home/jonaz/Documents/prog/orbit/tests/test_input"
Directory: /home/jonaz/Documents/prog/orbit/tests
"InputTest" start time: Jan 24 11:42 MST
Output:
----------------------------------------------------------
<end of output>
Test time =   0.00 sec
----------------------------------------------------------
Test Passed.
"InputTest" end time: Jan 24 11:42 MST
"InputTest" time elapsed: 00:00:00
----------------------------------------------------------

End testing: Jan 24 11:42 MST
